#! /c/Source/iverilog-install/bin/vvp
:ivl_version "12.0 (devel)" "(s20150603-1110-g18392a46)";
:ivl_delay_selection "TYPICAL";
:vpi_time_precision + 0;
:vpi_module "D:\iverilog\lib\ivl\system.vpi";
:vpi_module "D:\iverilog\lib\ivl\vhdl_sys.vpi";
:vpi_module "D:\iverilog\lib\ivl\vhdl_textio.vpi";
:vpi_module "D:\iverilog\lib\ivl\v2005_math.vpi";
:vpi_module "D:\iverilog\lib\ivl\va_math.vpi";
S_0000022fe6d42ce0 .scope module, "inv" "inv" 2 1;
 .timescale 0 0;
    .port_info 0 /INPUT 1 "A";
    .port_info 1 /OUTPUT 1 "Y";
o0000022fe6d65238 .functor BUFZ 1, C4<z>; HiZ drive
L_0000022fe6d43490 .functor NOT 1, o0000022fe6d65238, C4<0>, C4<0>, C4<0>;
v0000022fe6d42e70_0 .net "A", 0 0, o0000022fe6d65238;  0 drivers
v0000022fe6d42f10_0 .net "Y", 0 0, L_0000022fe6d43490;  1 drivers
# The file index is used to find the file name in the following table.
:file_names 3;
    "N/A";
    "<interactive>";
    "01_·´ÏàÆ÷.v";
