#! /c/Source/iverilog-install/bin/vvp
:ivl_version "12.0 (devel)" "(s20150603-1110-g18392a46)";
:ivl_delay_selection "TYPICAL";
:vpi_time_precision + 0;
:vpi_module "D:\iverilog\lib\ivl\system.vpi";
:vpi_module "D:\iverilog\lib\ivl\vhdl_sys.vpi";
:vpi_module "D:\iverilog\lib\ivl\vhdl_textio.vpi";
:vpi_module "D:\iverilog\lib\ivl\v2005_math.vpi";
:vpi_module "D:\iverilog\lib\ivl\va_math.vpi";
S_0000022e2f8c2df0 .scope module, "top_module" "top_module" 2 1;
 .timescale 0 0;
    .port_info 0 /INPUT 16 "scancode";
    .port_info 1 /OUTPUT 1 "left";
    .port_info 2 /OUTPUT 1 "down";
    .port_info 3 /OUTPUT 1 "right";
    .port_info 4 /OUTPUT 1 "up";
v0000022e2f8c37b0_0 .var "down", 0 0;
v0000022e2f8c2f80_0 .var "left", 0 0;
v0000022e2f8c3020_0 .var "right", 0 0;
o0000022e2f8f7028 .functor BUFZ 16, C4<zzzzzzzzzzzzzzzz>; HiZ drive
v0000022e2f8c30c0_0 .net "scancode", 15 0, o0000022e2f8f7028;  0 drivers
v0000022e2f6becc0_0 .var "up", 0 0;
E_0000022e2f6bd240 .event anyedge, v0000022e2f8c30c0_0;
    .scope S_0000022e2f8c2df0;
T_0 ;
    %wait E_0000022e2f6bd240;
    %load/vec4 v0000022e2f8c30c0_0;
    %dup/vec4;
    %pushi/vec4 57451, 0, 16;
    %cmp/u;
    %jmp/1 T_0.0, 6;
    %dup/vec4;
    %pushi/vec4 57458, 0, 16;
    %cmp/u;
    %jmp/1 T_0.2, 6;
    %dup/vec4;
    %pushi/vec4 57460, 0, 16;
    %cmp/u;
    %jmp/1 T_0.4, 6;
    %dup/vec4;
    %pushi/vec4 57461, 0, 16;
    %cmp/u;
    %jmp/1 T_0.6, 6;
    %pushi/vec4 0, 0, 1;
    %store/vec4 v0000022e2f6becc0_0, 0, 1;
    %jmp T_0.8;
T_0.0 ;
    %pushi/vec4 1, 0, 1;
    %assign/vec4 v0000022e2f8c2f80_0, 0;
    %jmp T_0.8;
T_0.1 ;
    %pushi/vec4 0, 0, 1;
    %store/vec4 v0000022e2f8c2f80_0, 0, 1;
    %jmp T_0.8;
T_0.2 ;
    %pushi/vec4 1, 0, 1;
    %assign/vec4 v0000022e2f8c37b0_0, 0;
    %jmp T_0.8;
T_0.3 ;
    %pushi/vec4 0, 0, 1;
    %store/vec4 v0000022e2f8c37b0_0, 0, 1;
    %jmp T_0.8;
T_0.4 ;
    %pushi/vec4 1, 0, 1;
    %assign/vec4 v0000022e2f8c3020_0, 0;
    %jmp T_0.8;
T_0.5 ;
    %pushi/vec4 0, 0, 1;
    %store/vec4 v0000022e2f8c3020_0, 0, 1;
    %jmp T_0.8;
T_0.6 ;
    %pushi/vec4 1, 0, 1;
    %assign/vec4 v0000022e2f6becc0_0, 0;
    %jmp T_0.8;
T_0.8 ;
    %pop/vec4 1;
    %jmp T_0;
    .thread T_0, $push;
# The file index is used to find the file name in the following table.
:file_names 3;
    "N/A";
    "<interactive>";
    "case.v";
